Build started 12/11/2011 4:21:01 PM.
     1>Project "C:\Users\Brian Bosak\Desktop\SCHOOL computer\Win32JSInterop\JSInteropLib64\JSInteropLib64.vcxproj" on node 2 (build target(s)).
     1>InitializeBuildStatus:
         Touching "Debug\JSInteropLib64.unsuccessfulbuild".
       ClCompile:
         All outputs are up-to-date.
         All outputs are up-to-date.
         c:\Program Files (x86)\Microsoft Visual Studio 10.0\VC\bin\CL.exe /c /ZI /nologo /W3 /WX- /Od /Oy- /D WIN32 /D _DEBUG /D _WINDOWS /D _USRDLL /D JSINTEROPLIB64_EXPORTS /D _WINDLL /D _UNICODE /D UNICODE /Gm /EHsc /RTC1 /MDd /GS /fp:precise /Zc:wchar_t /Zc:forScope /Yu"StdAfx.h" /Fp"Debug\JSInteropLib64.pch" /Fo"Debug\\" /Fd"Debug\vc100.pdb" /Gd /TP /analyze- /errorReport:prompt JSInteropLib64.cpp
         JSInteropLib64.cpp
       ManifestResourceCompile:
         All outputs are up-to-date.
       Link:
         c:\Program Files (x86)\Microsoft Visual Studio 10.0\VC\bin\link.exe /ERRORREPORT:PROMPT /OUT:"C:\Users\Brian Bosak\Desktop\SCHOOL computer\Win32JSInterop\Debug\JSInteropLib64.dll" /INCREMENTAL /NOLOGO v8.lib WINMM.LIB kernel32.lib user32.lib gdi32.lib winspool.lib comdlg32.lib advapi32.lib shell32.lib ole32.lib oleaut32.lib uuid.lib odbc32.lib odbccp32.lib /MANIFEST /ManifestFile:"Debug\JSInteropLib64.dll.intermediate.manifest" /MANIFESTUAC:"level='asInvoker' uiAccess='false'" /DEBUG /PDB:"C:\Users\Brian Bosak\Desktop\SCHOOL computer\Win32JSInterop\Debug\JSInteropLib64.pdb" /SUBSYSTEM:WINDOWS /TLBID:1 /DYNAMICBASE /NXCOMPAT /IMPLIB:"C:\Users\Brian Bosak\Desktop\SCHOOL computer\Win32JSInterop\Debug\JSInteropLib64.lib" /MACHINE:X86 /DLL Debug\JSInteropLib64.dll.embed.manifest.res
         Debug\dllmain.obj
         Debug\JSInteropLib64.obj
         Debug\stdafx.obj
     1>LINK : fatal error C1905: Front end and back end not compatible (must target same processor).
     1>LINK : fatal error LNK1257: code generation failed
     1>Done Building Project "C:\Users\Brian Bosak\Desktop\SCHOOL computer\Win32JSInterop\JSInteropLib64\JSInteropLib64.vcxproj" (build target(s)) -- FAILED.

Build FAILED.

Time Elapsed 00:00:00.46
